TOKEN: T_PROG           LEXEME: program
N_PROGLBL -> T_PROG

___Entering new scope...

TOKEN: T_IDENT          LEXEME: p
TOKEN: T_SCOLON         LEXEME: ;
N_PROG -> N_PROGLBL T_IDENT T_SCOLON N_BLOCK T_DOT
___Adding p to symbol table with type PROGRAM
TOKEN: T_PROC           LEXEME: procedure
N_VARDECPART -> epsilon
TOKEN: T_IDENT          LEXEME: proc
TOKEN: T_SCOLON         LEXEME: ;
N_PROCHDR -> T_PROC T_IDENT T_SCOLON
___Adding proc to symbol table with type PROCEDURE

___Entering new scope...

TOKEN: T_BEGIN          LEXEME: begin
N_VARDECPART -> epsilon
N_PROCDECPART -> epsilon
TOKEN: T_WRITE          LEXEME: write
TOKEN: T_LPAREN         LEXEME: (
TOKEN: T_INTCONST       LEXEME: 99
N_SIGN -> epsilon
N_INTCONST -> N_SIGN T_INTCONST
N_CONST -> N_INTCONST
N_FACTOR -> N_CONST
TOKEN: T_RPAREN         LEXEME: )
N_MULTOPLST -> epsilon
N_TERM -> N_FACTOR N_MULTOPLST
N_ADDOPLST -> epsilon
N_SIMPLEEXPR -> N_TERM N_ADDOPLST
N_EXPR -> N_SIMPLEEXPR
N_OUTPUT -> N_EXPR
N_OUTPUTLST -> epsilon
N_WRITE -> T_WRITE T_LPAREN N_OUTPUT N_OUTPUTLST T_RPAREN
N_STMT -> N_WRITE
TOKEN: T_END            LEXEME: end
N_STMTLST -> epsilon
N_COMPOUND -> T_BEGIN N_STMT N_STMTLST T_END
N_STMTPART -> N_COMPOUND
N_BLOCK -> N_VARDECPART N_PROCDECPART N_STMTPART

___Exiting scope...

N_PROCDEC -> N_PROCHDR N_BLOCK
TOKEN: T_SCOLON         LEXEME: ;
TOKEN: T_PROC           LEXEME: procedure
TOKEN: T_IDENT          LEXEME: proc
TOKEN: T_SCOLON         LEXEME: ;
N_PROCHDR -> T_PROC T_IDENT T_SCOLON
___Adding proc to symbol table with type PROCEDURE
Line 13: Multiply defined identifier
