TOKEN: T_PROG           LEXEME: program
N_PROGLBL -> T_PROG

___Entering new scope...

TOKEN: T_IDENT          LEXEME: p
TOKEN: T_SCOLON         LEXEME: ;
N_PROG -> N_PROGLBL T_IDENT T_SCOLON N_BLOCK T_DOT
___Adding p to symbol table with type PROGRAM
TOKEN: T_VAR            LEXEME: var
TOKEN: T_IDENT          LEXEME: proc
N_IDENT -> T_IDENT
TOKEN: T_COLON          LEXEME: :
N_IDENTLST -> epsilon
TOKEN: T_INT            LEXEME: integer
N_SIMPLE -> T_INT
N_TYPE -> N_SIMPLE
N_VARDEC -> N_IDENT N_IDENTLST T_COLON N_TYPE
___Adding proc to symbol table with type INTEGER
TOKEN: T_SCOLON         LEXEME: ;
TOKEN: T_PROC           LEXEME: procedure
N_VARDECLST -> epsilon
N_VARDECPART -> T_VAR N_VARDEC T_SCOLON N_VARDECLST
TOKEN: T_IDENT          LEXEME: proc
TOKEN: T_SCOLON         LEXEME: ;
N_PROCHDR -> T_PROC T_IDENT T_SCOLON
___Adding proc to symbol table with type PROCEDURE
Line 10: Multiply defined identifier
